TN:
SF:script/DeployAres.s.sol
DA:10,0
FN:10,DeployAres.run
FNDA:0,DeployAres.run
DA:12,0
DA:13,0
DA:15,0
DA:17,0
DA:20,0
DA:21,0
DA:24,0
DA:25,0
DA:28,0
DA:29,0
DA:32,0
DA:33,0
DA:36,0
DA:37,0
DA:39,0
FNF:1
FNH:0
LF:16
LH:0
BRF:0
BRH:0
end_of_record
TN:
SF:src/BountyEscrow.sol
DA:33,76
FN:33,BountyEscrow.constructor
FNDA:76,BountyEscrow.constructor
DA:34,76
BRDA:34,0,0,2
DA:35,74
DA:36,74
DA:37,74
DA:45,24
FN:45,BountyEscrow.verify
FNDA:24,BountyEscrow.verify
DA:46,3
BRDA:46,1,0,3
DA:47,20
DA:49,20
DA:51,20
DA:53,17
DA:58,16
FN:58,BountyEscrow.reject
FNDA:16,BountyEscrow.reject
DA:59,2
BRDA:59,2,0,2
DA:60,13
DA:62,13
DA:64,13
DA:66,11
DA:72,3
FN:72,BountyEscrow.setBountyPool
FNDA:3,BountyEscrow.setBountyPool
DA:73,2
BRDA:73,3,0,1
DA:74,1
FNF:4
FNH:4
LF:20
LH:20
BRF:4
BRH:4
end_of_record
TN:
SF:src/BountyPool.sol
DA:89,15
FN:89,BountyPool.onlyEscrow
FNDA:15,BountyPool.onlyEscrow
DA:90,15
BRDA:90,0,0,1
DA:95,78
FN:95,BountyPool.constructor
FNDA:78,BountyPool.constructor
DA:96,78
BRDA:96,1,0,2
DA:97,76
DA:98,76
DA:104,76
FN:104,BountyPool.setEscrow
FNDA:76,BountyPool.setEscrow
DA:105,75
BRDA:105,2,0,1
DA:106,74
DA:117,61
FN:117,BountyPool.createBounty
FNDA:61,BountyPool.createBounty
DA:124,61
BRDA:124,3,0,1
DA:125,60
BRDA:125,4,0,1
DA:126,59
BRDA:126,5,0,1
DA:127,58
BRDA:127,6,0,1
DA:129,57
DA:131,57
DA:142,57
BRDA:142,7,0,4
DA:143,4
DA:146,57
DA:150,4
FN:150,BountyPool.fundBounty
FNDA:4,BountyPool.fundBounty
DA:151,4
DA:152,4
BRDA:152,8,0,1
DA:153,3
BRDA:153,9,0,1
DA:155,2
DA:156,2
DA:160,8
FN:160,BountyPool.cancelBounty
FNDA:8,BountyPool.cancelBounty
DA:161,8
DA:162,8
BRDA:162,10,0,1
DA:163,7
BRDA:163,11,0,1
DA:165,6
DA:166,6
DA:167,6
DA:169,6
DA:171,6
DA:172,6
BRDA:172,12,0,1
BRDA:172,12,1,5
DA:182,50
FN:182,BountyPool.submitFinding
FNDA:50,BountyPool.submitFinding
DA:188,50
DA:191,50
BRDA:191,13,0,3
DA:192,47
BRDA:192,14,0,1
DA:193,46
BRDA:193,15,0,1
DA:196,1
BRDA:196,16,0,1
DA:198,44
DA:199,44
BRDA:199,17,0,1
DA:202,43
DA:203,43
BRDA:203,18,0,2
DA:204,2
DA:205,2
DA:206,2
BRDA:206,19,0,1
DA:207,1
DA:208,1
DA:211,2
BRDA:211,20,0,1
DA:215,42
BRDA:215,21,0,1
BRDA:215,21,1,41
DA:218,41
DA:219,41
DA:229,41
DA:230,41
DA:232,41
DA:239,22
FN:239,BountyPool.verifyAndPay
FNDA:22,BountyPool.verifyAndPay
DA:240,21
DA:241,21
BRDA:241,22,0,2
DA:242,19
BRDA:242,23,0,1
DA:244,18
DA:245,18
BRDA:245,24,0,-
DA:247,18
DA:248,18
DA:249,18
DA:252,18
BRDA:252,25,0,5
DA:253,5
DA:257,18
DA:259,18
DA:260,18
DA:263,18
DA:264,18
BRDA:264,26,0,1
BRDA:264,26,1,17
DA:268,15
FN:268,BountyPool.rejectFinding
FNDA:15,BountyPool.rejectFinding
DA:269,14
DA:270,14
BRDA:270,27,0,2
DA:271,12
BRDA:271,28,0,1
DA:273,11
DA:276,11
DA:278,11
DA:283,11
FN:283,BountyPool.getBounty
FNDA:11,BountyPool.getBounty
DA:284,11
DA:287,6
FN:287,BountyPool.getFinding
FNDA:6,BountyPool.getFinding
DA:288,6
DA:291,3
FN:291,BountyPool.getBountyWhitelist
FNDA:3,BountyPool.getBountyWhitelist
DA:292,3
FNF:12
FNH:12
LF:86
LH:86
BRF:32
BRH:31
end_of_record
TN:
SF:src/ReputationLedger.sol
DA:37,88
FN:37,ReputationLedger.constructor
FNDA:88,ReputationLedger.constructor
DA:38,88
DA:39,88
DA:46,165
FN:46,ReputationLedger.registerAgent
FNDA:165,ReputationLedger.registerAgent
DA:47,164
BRDA:47,0,0,1
DA:49,163
DA:50,163
DA:56,61
FN:56,ReputationLedger.updateReputation
FNDA:61,ReputationLedger.updateReputation
DA:57,60
BRDA:57,1,0,1
DA:59,59
DA:61,34
BRDA:61,2,0,34
BRDA:61,2,1,22
DA:62,34
DA:64,34
DA:65,34
DA:66,34
DA:68,25
DA:70,25
DA:71,25
DA:72,25
DA:75,59
DA:87,2
FN:87,ReputationLedger.isRegistered
FNDA:2,ReputationLedger.isRegistered
DA:88,2
DA:92,1
FN:92,ReputationLedger.getAgentStats
FNDA:1,ReputationLedger.getAgentStats
DA:97,1
DA:106,34
FN:106,ReputationLedger._min
FNDA:34,ReputationLedger._min
DA:107,34
FNF:6
FNH:6
LF:26
LH:26
BRF:4
BRH:4
end_of_record
TN:
SF:test/BountyPool.t.sol
DA:841,1
FN:841,RejectETH.receive.0
FNDA:1,RejectETH.receive.0
DA:842,1
DA:846,0
FN:846,RejectETH.approve
FNDA:0,RejectETH.approve
DA:847,0
DA:854,0
FN:854,RejectETHAgent.submitFinding
FNDA:0,RejectETHAgent.submitFinding
DA:861,0
DA:865,1
FN:865,RejectETHAgent.receive.1
FNDA:1,RejectETHAgent.receive.1
DA:866,1
FNF:4
FNH:2
LF:8
LH:4
BRF:0
BRH:0
end_of_record
